<?xml version="1.0" encoding="UTF-8"?>
<testng-results skipped="0" failed="1" ignored="0" total="1" passed="0">
  <reporter-output>
  </reporter-output>
  <suite name="Default suite" duration-ms="812" started-at="2017-07-21T01:17:30Z" finished-at="2017-07-21T01:17:31Z">
    <groups>
    </groups>
    <test name="Default test" duration-ms="812" started-at="2017-07-21T01:17:30Z" finished-at="2017-07-21T01:17:31Z">
      <class name="tests.TC1_GR_FB_Account">
        <test-method status="PASS" signature="instantiateDriverObject()[pri:0, instance:tests.TC1_GR_FB_Account@78186a70]" name="instantiateDriverObject" is-config="true" duration-ms="16" started-at="2017-07-21T06:47:30Z" finished-at="2017-07-21T06:47:30Z">
          <reporter-output>
          </reporter-output>
        </test-method> <!-- instantiateDriverObject -->
        <test-method status="FAIL" signature="remotewebdriver(java.lang.String, java.lang.String)[pri:0, instance:tests.TC1_GR_FB_Account@78186a70]" name="remotewebdriver" is-config="true" duration-ms="0" started-at="2017-07-21T06:47:30Z" finished-at="2017-07-21T06:47:30Z">
          <exception class="org.testng.TestNGException">
            <message>
              <![CDATA[
Parameter 'Node' is required by BeforeTest on method remotewebdriver but has not been marked @Optional or defined
in C:\Users\grao24\AppData\Local\Temp\testng-eclipse-1104653884\testng-customsuite.xml]]>
            </message>
            <full-stacktrace>
              <![CDATA[org.testng.TestNGException: 
Parameter 'Node' is required by BeforeTest on method remotewebdriver but has not been marked @Optional or defined
in C:\Users\grao24\AppData\Local\Temp\testng-eclipse-1104653884\testng-customsuite.xml
	at org.testng.internal.Parameters.createParameters(Parameters.java:199)
	at org.testng.internal.Parameters.createParameters(Parameters.java:443)
	at org.testng.internal.Parameters.createConfigurationParameters(Parameters.java:118)
	at org.testng.internal.Invoker.invokeConfigurations(Invoker.java:203)
	at org.testng.internal.Invoker.invokeConfigurations(Invoker.java:144)
	at org.testng.TestRunner.beforeRun(TestRunner.java:634)
	at org.testng.TestRunner.run(TestRunner.java:602)
	at org.testng.SuiteRunner.runTest(SuiteRunner.java:387)
	at org.testng.SuiteRunner.runSequentially(SuiteRunner.java:382)
	at org.testng.SuiteRunner.privateRun(SuiteRunner.java:340)
	at org.testng.SuiteRunner.run(SuiteRunner.java:289)
	at org.testng.SuiteRunnerWorker.runSuite(SuiteRunnerWorker.java:52)
	at org.testng.SuiteRunnerWorker.run(SuiteRunnerWorker.java:86)
	at org.testng.TestNG.runSuitesSequentially(TestNG.java:1293)
	at org.testng.TestNG.runSuitesLocally(TestNG.java:1218)
	at org.testng.TestNG.runSuites(TestNG.java:1133)
	at org.testng.TestNG.run(TestNG.java:1104)
	at org.testng.remote.AbstractRemoteTestNG.run(AbstractRemoteTestNG.java:132)
	at org.testng.remote.RemoteTestNG.initAndRun(RemoteTestNG.java:230)
	at org.testng.remote.RemoteTestNG.main(RemoteTestNG.java:76)
]]>
            </full-stacktrace>
          </exception> <!-- org.testng.TestNGException -->
          <reporter-output>
          </reporter-output>
        </test-method> <!-- remotewebdriver -->
        <test-method status="SKIP" signature="startTestCase()[pri:0, instance:tests.TC1_GR_FB_Account@78186a70]" name="startTestCase" is-config="true" duration-ms="0" started-at="2017-07-21T06:47:30Z" finished-at="2017-07-21T06:47:30Z">
          <reporter-output>
          </reporter-output>
        </test-method> <!-- startTestCase -->
        <test-method status="FAIL" signature="FB(java.lang.String, java.lang.String, java.lang.String, java.lang.String, java.lang.String, java.lang.String, java.lang.String, java.lang.String)[pri:0, instance:tests.TC1_GR_FB_Account@78186a70]" name="FB" duration-ms="0" started-at="2017-07-21T06:47:31Z" data-provider="getData" finished-at="2017-07-21T06:47:31Z">
          <exception class="org.testng.TestNGException">
            <message>
              <![CDATA[
Data Provider public java.lang.Object[][] projectFactory.DriverFactory.getData() must return either Object[][] or Iterator<Object>[], not class [[Ljava.lang.Object;]]>
            </message>
            <full-stacktrace>
              <![CDATA[org.testng.TestNGException: 
Data Provider public java.lang.Object[][] projectFactory.DriverFactory.getData() must return either Object[][] or Iterator<Object>[], not class [[Ljava.lang.Object;
	at org.testng.internal.MethodInvocationHelper.invokeDataProvider(MethodInvocationHelper.java:133)
	at org.testng.internal.Parameters.handleParameters(Parameters.java:509)
	at org.testng.internal.Invoker.handleParameters(Invoker.java:1293)
	at org.testng.internal.Invoker.createParameters(Invoker.java:1020)
	at org.testng.internal.Invoker.invokeTestMethods(Invoker.java:1110)
	at org.testng.internal.TestMethodWorker.invokeTestMethods(TestMethodWorker.java:129)
	at org.testng.internal.TestMethodWorker.run(TestMethodWorker.java:112)
	at org.testng.TestRunner.privateRun(TestRunner.java:756)
	at org.testng.TestRunner.run(TestRunner.java:610)
	at org.testng.SuiteRunner.runTest(SuiteRunner.java:387)
	at org.testng.SuiteRunner.runSequentially(SuiteRunner.java:382)
	at org.testng.SuiteRunner.privateRun(SuiteRunner.java:340)
	at org.testng.SuiteRunner.run(SuiteRunner.java:289)
	at org.testng.SuiteRunnerWorker.runSuite(SuiteRunnerWorker.java:52)
	at org.testng.SuiteRunnerWorker.run(SuiteRunnerWorker.java:86)
	at org.testng.TestNG.runSuitesSequentially(TestNG.java:1293)
	at org.testng.TestNG.runSuitesLocally(TestNG.java:1218)
	at org.testng.TestNG.runSuites(TestNG.java:1133)
	at org.testng.TestNG.run(TestNG.java:1104)
	at org.testng.remote.AbstractRemoteTestNG.run(AbstractRemoteTestNG.java:132)
	at org.testng.remote.RemoteTestNG.initAndRun(RemoteTestNG.java:230)
	at org.testng.remote.RemoteTestNG.main(RemoteTestNG.java:76)
]]>
            </full-stacktrace>
          </exception> <!-- org.testng.TestNGException -->
          <reporter-output>
          </reporter-output>
        </test-method> <!-- FB -->
        <test-method status="SKIP" signature="closeDriverObjects()[pri:0, instance:tests.TC1_GR_FB_Account@78186a70]" name="closeDriverObjects" is-config="true" duration-ms="0" started-at="2017-07-21T06:47:31Z" finished-at="2017-07-21T06:47:31Z">
          <reporter-output>
          </reporter-output>
        </test-method> <!-- closeDriverObjects -->
      </class> <!-- tests.TC1_GR_FB_Account -->
    </test> <!-- Default test -->
  </suite> <!-- Default suite -->
</testng-results>
